Build started 03-01-2015 00:03:41.
     1>Project "C:\Users\Omkar\Documents\Visual Studio 2010\Projects\SPOJ\ADDREV\ADDREV\ADDREV\ADDREV.vcxproj" on node 2 (build target(s)).
     1>InitializeBuildStatus:
         Creating "Debug\ADDREV.unsuccessfulbuild" because "AlwaysCreate" was specified.
       ClCompile:
         C:\Program Files (x86)\Microsoft Visual Studio 10.0\VC\bin\CL.exe /c /ZI /nologo /W3 /WX- /Od /Oy- /D WIN32 /D _DEBUG /D _CONSOLE /D _UNICODE /D UNICODE /Gm /EHsc /RTC1 /MDd /GS /fp:precise /Zc:wchar_t /Zc:forScope /Fo"Debug\\" /Fd"Debug\vc100.pdb" /Gd /TP /analyze- /errorReport:prompt ADDREV.cpp
         ADDREV.cpp
       ManifestResourceCompile:
         All outputs are up-to-date.
       Link:
         C:\Program Files (x86)\Microsoft Visual Studio 10.0\VC\bin\link.exe /ERRORREPORT:PROMPT /OUT:"C:\Users\Omkar\Documents\Visual Studio 2010\Projects\SPOJ\ADDREV\ADDREV\Debug\ADDREV.exe" /INCREMENTAL /NOLOGO kernel32.lib user32.lib gdi32.lib winspool.lib comdlg32.lib advapi32.lib shell32.lib ole32.lib oleaut32.lib uuid.lib odbc32.lib odbccp32.lib /MANIFEST /ManifestFile:"Debug\ADDREV.exe.intermediate.manifest" /MANIFESTUAC:"level='asInvoker' uiAccess='false'" /DEBUG /PDB:"C:\Users\Omkar\Documents\Visual Studio 2010\Projects\SPOJ\ADDREV\ADDREV\Debug\ADDREV.pdb" /SUBSYSTEM:CONSOLE /TLBID:1 /DYNAMICBASE /NXCOMPAT /IMPLIB:"C:\Users\Omkar\Documents\Visual Studio 2010\Projects\SPOJ\ADDREV\ADDREV\Debug\ADDREV.lib" /MACHINE:X86 Debug\ADDREV.exe.embed.manifest.res
         Debug\ADDREV.obj
         Debug\stdafx.obj
       Manifest:
         C:\Program Files (x86)\Microsoft SDKs\Windows\v7.0A\bin\mt.exe /nologo /verbose /out:"Debug\ADDREV.exe.embed.manifest" /manifest Debug\ADDREV.exe.intermediate.manifest
         All outputs are up-to-date.
       LinkEmbedManifest:
         All outputs are up-to-date.
         ADDREV.vcxproj -> C:\Users\Omkar\Documents\Visual Studio 2010\Projects\SPOJ\ADDREV\ADDREV\Debug\ADDREV.exe
       FinalizeBuildStatus:
         Deleting file "Debug\ADDREV.unsuccessfulbuild".
         Touching "Debug\ADDREV.lastbuildstate".
     1>Done Building Project "C:\Users\Omkar\Documents\Visual Studio 2010\Projects\SPOJ\ADDREV\ADDREV\ADDREV\ADDREV.vcxproj" (build target(s)).

Build succeeded.

Time Elapsed 00:00:02.31
