Build started 17-01-2015 00:48:56.
     1>Project "C:\Users\Omkar\Documents\Visual Studio 2010\Projects\SPOJ\SAMER08F\SAMER08F\SAMER08F.vcxproj" on node 2 (rebuild target(s)).
     1>C:\Program Files (x86)\MSBuild\Microsoft.Cpp\v4.0\Microsoft.CppClean.targets(74,5): warning : Access to the path 'C:\Users\Omkar\Documents\Visual Studio 2010\Projects\SPOJ\SAMER08F\Debug\SAMER08F.exe' is denied.
     1>InitializeBuildStatus:
         Touching "Debug\SAMER08F.unsuccessfulbuild".
       ClCompile:
         C:\Program Files (x86)\Microsoft Visual Studio 10.0\VC\bin\CL.exe /c /ZI /nologo /W3 /WX- /Od /Oy- /D WIN32 /D _DEBUG /D _CONSOLE /D _UNICODE /D UNICODE /Gm /EHsc /RTC1 /MDd /GS /fp:precise /Zc:wchar_t /Zc:forScope /Fo"Debug\\" /Fd"Debug\vc100.pdb" /Gd /TP /analyze- /errorReport:prompt SAMER08F.cpp stdafx.cpp
         stdafx.cpp
         SAMER08F.cpp
         Generating Code...
       ManifestResourceCompile:
         C:\Program Files (x86)\Microsoft SDKs\Windows\v7.0A\bin\rc.exe /nologo /fo"Debug\SAMER08F.exe.embed.manifest.res" Debug\SAMER08F_manifest.rc 
       Link:
         C:\Program Files (x86)\Microsoft Visual Studio 10.0\VC\bin\link.exe /ERRORREPORT:PROMPT /OUT:"C:\Users\Omkar\Documents\Visual Studio 2010\Projects\SPOJ\SAMER08F\Debug\SAMER08F.exe" /INCREMENTAL /NOLOGO kernel32.lib user32.lib gdi32.lib winspool.lib comdlg32.lib advapi32.lib shell32.lib ole32.lib oleaut32.lib uuid.lib odbc32.lib odbccp32.lib /MANIFEST /ManifestFile:"Debug\SAMER08F.exe.intermediate.manifest" /MANIFESTUAC:"level='asInvoker' uiAccess='false'" /DEBUG /PDB:"C:\Users\Omkar\Documents\Visual Studio 2010\Projects\SPOJ\SAMER08F\Debug\SAMER08F.pdb" /SUBSYSTEM:CONSOLE /TLBID:1 /DYNAMICBASE /NXCOMPAT /IMPLIB:"C:\Users\Omkar\Documents\Visual Studio 2010\Projects\SPOJ\SAMER08F\Debug\SAMER08F.lib" /MACHINE:X86 Debug\SAMER08F.exe.embed.manifest.res
         Debug\SAMER08F.obj
         Debug\stdafx.obj
       Manifest:
         Deleting file "Debug\SAMER08F.exe.embed.manifest".
         C:\Program Files (x86)\Microsoft SDKs\Windows\v7.0A\bin\mt.exe /nologo /verbose /out:"Debug\SAMER08F.exe.embed.manifest" /manifest Debug\SAMER08F.exe.intermediate.manifest
         C:\Program Files (x86)\Microsoft SDKs\Windows\v7.0A\bin\rc.exe /nologo /fo"Debug\SAMER08F.exe.embed.manifest.res" Debug\SAMER08F_manifest.rc 
       LinkEmbedManifest:
         C:\Program Files (x86)\Microsoft Visual Studio 10.0\VC\bin\link.exe /ERRORREPORT:PROMPT /OUT:"C:\Users\Omkar\Documents\Visual Studio 2010\Projects\SPOJ\SAMER08F\Debug\SAMER08F.exe" /INCREMENTAL /NOLOGO kernel32.lib user32.lib gdi32.lib winspool.lib comdlg32.lib advapi32.lib shell32.lib ole32.lib oleaut32.lib uuid.lib odbc32.lib odbccp32.lib /MANIFEST /ManifestFile:"Debug\SAMER08F.exe.intermediate.manifest" /MANIFESTUAC:"level='asInvoker' uiAccess='false'" /DEBUG /PDB:"C:\Users\Omkar\Documents\Visual Studio 2010\Projects\SPOJ\SAMER08F\Debug\SAMER08F.pdb" /SUBSYSTEM:CONSOLE /TLBID:1 /DYNAMICBASE /NXCOMPAT /IMPLIB:"C:\Users\Omkar\Documents\Visual Studio 2010\Projects\SPOJ\SAMER08F\Debug\SAMER08F.lib" /MACHINE:X86 Debug\SAMER08F.exe.embed.manifest.res
         Debug\SAMER08F.obj
         Debug\stdafx.obj
         SAMER08F.vcxproj -> C:\Users\Omkar\Documents\Visual Studio 2010\Projects\SPOJ\SAMER08F\Debug\SAMER08F.exe
       FinalizeBuildStatus:
         Deleting file "Debug\SAMER08F.unsuccessfulbuild".
         Touching "Debug\SAMER08F.lastbuildstate".
     1>Done Building Project "C:\Users\Omkar\Documents\Visual Studio 2010\Projects\SPOJ\SAMER08F\SAMER08F\SAMER08F.vcxproj" (rebuild target(s)).

Build succeeded.

Time Elapsed 00:00:04.41
