Build started 14-01-2015 01:07:13.
     1>Project "C:\Users\Omkar\Documents\Visual Studio 2010\Projects\SPOJ\PRIME1\PRIME1\PRIME1.vcxproj" on node 2 (build target(s)).
     1>InitializeBuildStatus:
         Creating "Debug\PRIME1.unsuccessfulbuild" because "AlwaysCreate" was specified.
       ClCompile:
         C:\Program Files (x86)\Microsoft Visual Studio 10.0\VC\bin\CL.exe /c /ZI /nologo /W3 /WX- /Od /Oy- /D WIN32 /D _DEBUG /D _CONSOLE /D _UNICODE /D UNICODE /Gm /EHsc /RTC1 /MDd /GS /fp:precise /Zc:wchar_t /Zc:forScope /Fo"Debug\\" /Fd"Debug\vc100.pdb" /Gd /TP /analyze- /errorReport:prompt PRIME1.cpp
         PRIME1.cpp
     1>c:\users\omkar\documents\visual studio 2010\projects\spoj\prime1\prime1\prime1.cpp(54): warning C4244: '=' : conversion from 'double' to 'int', possible loss of data
       ManifestResourceCompile:
         All outputs are up-to-date.
       Link:
         C:\Program Files (x86)\Microsoft Visual Studio 10.0\VC\bin\link.exe /ERRORREPORT:PROMPT /OUT:"C:\Users\Omkar\Documents\Visual Studio 2010\Projects\SPOJ\PRIME1\Debug\PRIME1.exe" /INCREMENTAL /NOLOGO kernel32.lib user32.lib gdi32.lib winspool.lib comdlg32.lib advapi32.lib shell32.lib ole32.lib oleaut32.lib uuid.lib odbc32.lib odbccp32.lib /MANIFEST /ManifestFile:"Debug\PRIME1.exe.intermediate.manifest" /MANIFESTUAC:"level='asInvoker' uiAccess='false'" /DEBUG /PDB:"C:\Users\Omkar\Documents\Visual Studio 2010\Projects\SPOJ\PRIME1\Debug\PRIME1.pdb" /SUBSYSTEM:CONSOLE /TLBID:1 /DYNAMICBASE /NXCOMPAT /IMPLIB:"C:\Users\Omkar\Documents\Visual Studio 2010\Projects\SPOJ\PRIME1\Debug\PRIME1.lib" /MACHINE:X86 Debug\PRIME1.exe.embed.manifest.res
         Debug\PRIME1.obj
         Debug\stdafx.obj
       Manifest:
         C:\Program Files (x86)\Microsoft SDKs\Windows\v7.0A\bin\mt.exe /nologo /verbose /out:"Debug\PRIME1.exe.embed.manifest" /manifest Debug\PRIME1.exe.intermediate.manifest
         All outputs are up-to-date.
       LinkEmbedManifest:
         All outputs are up-to-date.
         PRIME1.vcxproj -> C:\Users\Omkar\Documents\Visual Studio 2010\Projects\SPOJ\PRIME1\Debug\PRIME1.exe
       FinalizeBuildStatus:
         Deleting file "Debug\PRIME1.unsuccessfulbuild".
         Touching "Debug\PRIME1.lastbuildstate".
     1>Done Building Project "C:\Users\Omkar\Documents\Visual Studio 2010\Projects\SPOJ\PRIME1\PRIME1\PRIME1.vcxproj" (build target(s)).

Build succeeded.

Time Elapsed 00:00:01.81
