C:\Users\Omkar\Documents\Visual Studio 2010\Projects\SPOJ\FCTRL2\Debug\FCTRL2.exe
C:\Users\Omkar\Documents\Visual Studio 2010\Projects\SPOJ\FCTRL2\Debug\FCTRL2.ilk
C:\Users\Omkar\Documents\Visual Studio 2010\Projects\SPOJ\FCTRL2\Debug\FCTRL2.pdb
C:\Users\Omkar\Documents\Visual Studio 2010\Projects\SPOJ\FCTRL2\FCTRL2\Debug\cl.command.1.tlog
C:\Users\Omkar\Documents\Visual Studio 2010\Projects\SPOJ\FCTRL2\FCTRL2\Debug\CL.read.1.tlog
C:\Users\Omkar\Documents\Visual Studio 2010\Projects\SPOJ\FCTRL2\FCTRL2\Debug\CL.write.1.tlog
C:\USERS\OMKAR\DOCUMENTS\VISUAL STUDIO 2010\PROJECTS\SPOJ\FCTRL2\FCTRL2\DEBUG\FCTRL2.EXE.EMBED.MANIFEST
C:\USERS\OMKAR\DOCUMENTS\VISUAL STUDIO 2010\PROJECTS\SPOJ\FCTRL2\FCTRL2\DEBUG\FCTRL2.EXE.EMBED.MANIFEST.RES
C:\Users\Omkar\Documents\Visual Studio 2010\Projects\SPOJ\FCTRL2\FCTRL2\Debug\FCTRL2.exe.intermediate.manifest
C:\USERS\OMKAR\DOCUMENTS\VISUAL STUDIO 2010\PROJECTS\SPOJ\FCTRL2\FCTRL2\DEBUG\FCTRL2.OBJ
C:\Users\Omkar\Documents\Visual Studio 2010\Projects\SPOJ\FCTRL2\FCTRL2\Debug\FCTRL2.vcxprojResolveAssemblyReference.cache
C:\Users\Omkar\Documents\Visual Studio 2010\Projects\SPOJ\FCTRL2\FCTRL2\Debug\FCTRL2.write.1.tlog
C:\Users\Omkar\Documents\Visual Studio 2010\Projects\SPOJ\FCTRL2\FCTRL2\Debug\FCTRL2_manifest.rc
C:\Users\Omkar\Documents\Visual Studio 2010\Projects\SPOJ\FCTRL2\FCTRL2\Debug\link.37892.read.1.tlog
C:\Users\Omkar\Documents\Visual Studio 2010\Projects\SPOJ\FCTRL2\FCTRL2\Debug\link.37892.write.1.tlog
C:\Users\Omkar\Documents\Visual Studio 2010\Projects\SPOJ\FCTRL2\FCTRL2\Debug\link.37892-cvtres.read.1.tlog
C:\Users\Omkar\Documents\Visual Studio 2010\Projects\SPOJ\FCTRL2\FCTRL2\Debug\link.37892-cvtres.write.1.tlog
C:\Users\Omkar\Documents\Visual Studio 2010\Projects\SPOJ\FCTRL2\FCTRL2\Debug\link.command.1.tlog
C:\Users\Omkar\Documents\Visual Studio 2010\Projects\SPOJ\FCTRL2\FCTRL2\Debug\link.read.1.tlog
C:\Users\Omkar\Documents\Visual Studio 2010\Projects\SPOJ\FCTRL2\FCTRL2\Debug\link.write.1.tlog
C:\Users\Omkar\Documents\Visual Studio 2010\Projects\SPOJ\FCTRL2\FCTRL2\Debug\link-cvtres.read.1.tlog
C:\Users\Omkar\Documents\Visual Studio 2010\Projects\SPOJ\FCTRL2\FCTRL2\Debug\link-cvtres.write.1.tlog
C:\Users\Omkar\Documents\Visual Studio 2010\Projects\SPOJ\FCTRL2\FCTRL2\Debug\mt.command.1.tlog
C:\Users\Omkar\Documents\Visual Studio 2010\Projects\SPOJ\FCTRL2\FCTRL2\Debug\mt.read.1.tlog
C:\Users\Omkar\Documents\Visual Studio 2010\Projects\SPOJ\FCTRL2\FCTRL2\Debug\mt.write.1.tlog
C:\Users\Omkar\Documents\Visual Studio 2010\Projects\SPOJ\FCTRL2\FCTRL2\Debug\rc.command.1.tlog
C:\Users\Omkar\Documents\Visual Studio 2010\Projects\SPOJ\FCTRL2\FCTRL2\Debug\rc.read.1.tlog
C:\Users\Omkar\Documents\Visual Studio 2010\Projects\SPOJ\FCTRL2\FCTRL2\Debug\rc.write.1.tlog
C:\USERS\OMKAR\DOCUMENTS\VISUAL STUDIO 2010\PROJECTS\SPOJ\FCTRL2\FCTRL2\DEBUG\STDAFX.OBJ
C:\Users\Omkar\Documents\Visual Studio 2010\Projects\SPOJ\FCTRL2\FCTRL2\Debug\vc100.idb
C:\USERS\OMKAR\DOCUMENTS\VISUAL STUDIO 2010\PROJECTS\SPOJ\FCTRL2\FCTRL2\DEBUG\VC100.PDB
